This is pdfTeX, Version 3.141592653-2.6-1.40.25 (TeX Live 2023) (preloaded format=pdflatex 2023.4.11)  7 JUN 2023 14:42
entering extended mode
 restricted \write18 enabled.
 %&-line parsing enabled.
**refman
(./refman.tex
LaTeX2e <2022-11-01> patch level 1
L3 programming layer <2023-03-30>
(c:/texlive/2023/texmf-dist/tex/latex/base/book.cls
Document Class: book 2022/07/02 v1.4n Standard LaTeX document class
(c:/texlive/2023/texmf-dist/tex/latex/base/bk10.clo
File: bk10.clo 2022/07/02 v1.4n Standard LaTeX file (size option)
)
\c@part=\count185
\c@chapter=\count186
\c@section=\count187
\c@subsection=\count188
\c@subsubsection=\count189
\c@paragraph=\count190
\c@subparagraph=\count191
\c@figure=\count192
\c@table=\count193
\abovecaptionskip=\skip48
\belowcaptionskip=\skip49
\bibindent=\dimen140
)
(c:/texlive/2023/texmf-dist/tex/latex/base/ifthen.sty
Package: ifthen 2022/04/13 v1.1d Standard LaTeX ifthen package (DPC)
)
(c:/texlive/2023/texmf-dist/tex/latex/tools/array.sty
Rollback for package 'array' requested -> date 2016-10-06.
         Best approximation is the release introduced on 2016-10-06.

(c:/texlive/2023/texmf-dist/tex/latex/tools/array-2016-10-06.sty
Package: array 2016/10/06 v2.4d Tabular extension package (FMi)
\col@sep=\dimen141
\extrarowheight=\dimen142
\NC@list=\toks16
\extratabsurround=\skip50
\backup@length=\skip51
))
(c:/texlive/2023/texmf-dist/tex/latex/base/fixltx2e.sty
Package: fixltx2e 2016/12/29 v2.1a fixes to LaTeX (obsolete)
Applying: [2015/01/01] Old fixltx2e package on input line 46.


Package fixltx2e Warning: fixltx2e is not required with releases after 2015
(fixltx2e)                All fixes are now in the LaTeX kernel.
(fixltx2e)                See the latexrelease package for details.

Already applied: [0000/00/00] Old fixltx2e package on input line 53.
) (./doxygen.sty
Package: doxygen 
 (c:/texlive/2023/texmf-dist/tex/latex/base/alltt.sty
Package: alltt 2021/01/29 v2.0g defines alltt environment
)
(c:/texlive/2023/texmf-dist/tex/latex/tools/calc.sty
Package: calc 2017/05/25 v4.3 Infix arithmetic (KKT,FJ)
\calc@Acount=\count194
\calc@Bcount=\count195
\calc@Adimen=\dimen143
\calc@Bdimen=\dimen144
\calc@Askip=\skip52
\calc@Bskip=\skip53
LaTeX Info: Redefining \setlength on input line 80.
LaTeX Info: Redefining \addtolength on input line 81.
\calc@Ccount=\count196
\calc@Cskip=\skip54
)
(c:/texlive/2023/texmf-dist/tex/latex/float/float.sty
Package: float 2001/11/08 v1.3d Float enhancements (AL)
\c@float@type=\count197
\float@exts=\toks17
\float@box=\box51
\@float@everytoks=\toks18
\@floatcapt=\box52
)
(c:/texlive/2023/texmf-dist/tex/latex/tools/verbatim.sty
Package: verbatim 2022-07-02 v1.5u LaTeX2e package for verbatim enhancements
\every@verbatim=\toks19
\verbatim@line=\toks20
\verbatim@in@stream=\read2
)
(c:/texlive/2023/texmf-dist/tex/latex/xcolor/xcolor.sty
Package: xcolor 2022/06/12 v2.14 LaTeX color extensions (UK)

(c:/texlive/2023/texmf-dist/tex/latex/graphics-cfg/color.cfg
File: color.cfg 2016/01/02 v1.6 sample color configuration
)
Package xcolor Info: Driver file: pdftex.def on input line 227.

(c:/texlive/2023/texmf-dist/tex/latex/graphics-def/pdftex.def
File: pdftex.def 2022/09/22 v1.2b Graphics/color driver for pdftex
)
(c:/texlive/2023/texmf-dist/tex/latex/colortbl/colortbl.sty
Package: colortbl 2022/06/20 v1.0f Color table columns (DPC)
\everycr=\toks21
\minrowclearance=\skip55
\rownum=\count198
)
(c:/texlive/2023/texmf-dist/tex/latex/graphics/mathcolor.ltx)
Package xcolor Info: Model `cmy' substituted by `cmy0' on input line 1353.
Package xcolor Info: Model `hsb' substituted by `rgb' on input line 1357.
Package xcolor Info: Model `RGB' extended on input line 1369.
Package xcolor Info: Model `HTML' substituted by `rgb' on input line 1371.
Package xcolor Info: Model `Hsb' substituted by `hsb' on input line 1372.
Package xcolor Info: Model `tHsb' substituted by `hsb' on input line 1373.
Package xcolor Info: Model `HSB' substituted by `hsb' on input line 1374.
Package xcolor Info: Model `Gray' substituted by `gray' on input line 1375.
Package xcolor Info: Model `wave' substituted by `hsb' on input line 1376.
)
(./longtable_doxygen.sty
Package: longtable_doxygen 2014/10/28 v4.11 Multi-page Table package (DPC) - fr
ozen version for doxygen
\LTleft=\skip56
\LTright=\skip57
\LTpre=\skip58
\LTpost=\skip59
\LTchunksize=\count199
\LTcapwidth=\dimen145
\LT@head=\box53
\LT@firsthead=\box54
\LT@foot=\box55
\LT@lastfoot=\box56
\LT@cols=\count266
\LT@rows=\count267
\c@LT@tables=\count268
\c@LT@chunks=\count269
\LT@p@ftn=\toks22
) (./tabu_doxygen.sty
Package: tabu_doxygen 2011/02/26 v2.8 - flexible LaTeX tabulars (FC), frozen ve
rsion for doxygen

(c:/texlive/2023/texmf-dist/tex/latex/varwidth/varwidth.sty
Package: varwidth 2009/03/30 ver 0.92;  Variable-width minipages
\@vwid@box=\box57
\sift@deathcycles=\count270
\@vwid@loff=\dimen146
\@vwid@roff=\dimen147
)
\c@taburow=\count271
\tabu@nbcols=\count272
\tabu@cnt=\count273
\tabu@Xcol=\count274
\tabu@alloc=\count275
\tabu@nested=\count276
\tabu@target=\dimen148
\tabu@spreadtarget=\dimen149
\tabu@naturalX=\dimen150
\tabucolX=\dimen151
\tabu@Xsum=\dimen152
\extrarowdepth=\dimen153
\abovetabulinesep=\dimen154
\belowtabulinesep=\dimen155
\tabustrutrule=\dimen156
\tabu@thebody=\toks23
\tabu@footnotes=\toks24
\tabu@box=\box58
\tabu@arstrutbox=\box59
\tabu@hleads=\box60
\tabu@vleads=\box61
\tabu@cellskip=\skip60
)
(c:/texlive/2023/texmf-dist/tex/latex/fancyvrb/fancyvrb.sty
Package: fancyvrb 2023/01/19 4.5a verbatim text (tvz,hv)

(c:/texlive/2023/texmf-dist/tex/latex/graphics/keyval.sty
Package: keyval 2022/05/29 v1.15 key=value parser (DPC)
\KV@toks@=\toks25
)
\FV@CodeLineNo=\count277
\FV@InFile=\read3
\FV@TabBox=\box62
\c@FancyVerbLine=\count278
\FV@StepNumber=\count279
\FV@OutFile=\write3
)
(c:/texlive/2023/texmf-dist/tex/latex/tools/tabularx.sty
Package: tabularx 2020/01/15 v2.11c `tabularx' package (DPC)
\TX@col@width=\dimen157
\TX@old@table=\dimen158
\TX@old@col=\dimen159
\TX@target=\dimen160
\TX@delta=\dimen161
\TX@cols=\count280
\TX@ftn=\toks26
)
(c:/texlive/2023/texmf-dist/tex/latex/tools/multicol.sty
Package: multicol 2021/11/30 v1.9d multicolumn formatting (FMi)
\c@tracingmulticols=\count281
\mult@box=\box63
\multicol@leftmargin=\dimen162
\c@unbalance=\count282
\c@collectmore=\count283
\doublecol@number=\count284
\multicoltolerance=\count285
\multicolpretolerance=\count286
\full@width=\dimen163
\page@free=\dimen164
\premulticols=\dimen165
\postmulticols=\dimen166
\multicolsep=\skip61
\multicolbaselineskip=\skip62
\partial@page=\box64
\last@line=\box65
\maxbalancingoverflow=\dimen167
\mult@rightbox=\box66
\mult@grightbox=\box67
\mult@firstbox=\box68
\mult@gfirstbox=\box69
\@tempa=\box70
\@tempa=\box71
\@tempa=\box72
\@tempa=\box73
\@tempa=\box74
\@tempa=\box75
\@tempa=\box76
\@tempa=\box77
\@tempa=\box78
\@tempa=\box79
\@tempa=\box80
\@tempa=\box81
\@tempa=\box82
\@tempa=\box83
\@tempa=\box84
\@tempa=\box85
\@tempa=\box86
\@tempa=\box87
\@tempa=\box88
\@tempa=\box89
\@tempa=\box90
\@tempa=\box91
\@tempa=\box92
\@tempa=\box93
\@tempa=\box94
\@tempa=\box95
\@tempa=\box96
\@tempa=\box97
\@tempa=\box98
\@tempa=\box99
\@tempa=\box100
\@tempa=\box101
\@tempa=\box102
\@tempa=\box103
\@tempa=\box104
\@tempa=\box105
\c@minrows=\count287
\c@columnbadness=\count288
\c@finalcolumnbadness=\count289
\last@try=\dimen168
\multicolovershoot=\dimen169
\multicolundershoot=\dimen170
\mult@nat@firstbox=\box106
\colbreak@box=\box107
\mc@col@check@num=\count290
)
(c:/texlive/2023/texmf-dist/tex/latex/multirow/multirow.sty
Package: multirow 2021/03/15 v2.8 Span multiple rows of a table
\multirow@colwidth=\skip63
\multirow@cntb=\count291
\multirow@dima=\skip64
\bigstrutjot=\dimen171
)
(c:/texlive/2023/texmf-dist/tex/latex/hanging/hanging.sty
Package: hanging 2009/09/02 v1.2b hanging paragraphs and punctuation
\h@ngcommawd=\skip65
\h@ngfstopwd=\skip66
\h@ngquotewd=\skip67
\h@ngdquotewd=\skip68
\h@ngquerywd=\skip69
\h@ngexclwd=\skip70
\h@ngcolonwd=\skip71
\h@ngscolonwd=\skip72
)
(c:/texlive/2023/texmf-dist/tex/generic/iftex/ifpdf.sty
Package: ifpdf 2019/10/25 v3.4 ifpdf legacy package. Use iftex instead.

(c:/texlive/2023/texmf-dist/tex/generic/iftex/iftex.sty
Package: iftex 2022/02/03 v1.0f TeX engine tests
))
(c:/texlive/2023/texmf-dist/tex/latex/adjustbox/adjustbox.sty
Package: adjustbox 2022/10/17 v1.3a Adjusting TeX boxes (trim, clip, ...)

(c:/texlive/2023/texmf-dist/tex/latex/xkeyval/xkeyval.sty
Package: xkeyval 2022/06/16 v2.9 package option processing (HA)

(c:/texlive/2023/texmf-dist/tex/generic/xkeyval/xkeyval.tex
(c:/texlive/2023/texmf-dist/tex/generic/xkeyval/xkvutils.tex
\XKV@toks=\toks27
\XKV@tempa@toks=\toks28
)
\XKV@depth=\count292
File: xkeyval.tex 2014/12/03 v2.7a key=value parser (HA)
))
(c:/texlive/2023/texmf-dist/tex/latex/adjustbox/adjcalc.sty
Package: adjcalc 2012/05/16 v1.1 Provides advanced setlength with multiple back
-ends (calc, etex, pgfmath)
)
(c:/texlive/2023/texmf-dist/tex/latex/adjustbox/trimclip.sty
Package: trimclip 2020/08/19 v1.2 Trim and clip general TeX material

(c:/texlive/2023/texmf-dist/tex/latex/graphics/graphicx.sty
Package: graphicx 2021/09/16 v1.2d Enhanced LaTeX Graphics (DPC,SPQR)

(c:/texlive/2023/texmf-dist/tex/latex/graphics/graphics.sty
Package: graphics 2022/03/10 v1.4e Standard LaTeX Graphics (DPC,SPQR)

(c:/texlive/2023/texmf-dist/tex/latex/graphics/trig.sty
Package: trig 2021/08/11 v1.11 sin cos tan (DPC)
)
(c:/texlive/2023/texmf-dist/tex/latex/graphics-cfg/graphics.cfg
File: graphics.cfg 2016/06/04 v1.11 sample graphics configuration
)
Package graphics Info: Driver file: pdftex.def on input line 107.
)
\Gin@req@height=\dimen172
\Gin@req@width=\dimen173
)
(c:/texlive/2023/texmf-dist/tex/latex/collectbox/collectbox.sty
Package: collectbox 2022/10/17 v0.4c Collect macro arguments as boxes
\collectedbox=\box108
)
\tc@llx=\dimen174
\tc@lly=\dimen175
\tc@urx=\dimen176
\tc@ury=\dimen177
Package trimclip Info: Using driver 'tc-pdftex.def'.

(c:/texlive/2023/texmf-dist/tex/latex/adjustbox/tc-pdftex.def
File: tc-pdftex.def 2019/01/04 v2.2 Clipping driver for pdftex
))
\adjbox@Width=\dimen178
\adjbox@Height=\dimen179
\adjbox@Depth=\dimen180
\adjbox@Totalheight=\dimen181
\adjbox@pwidth=\dimen182
\adjbox@pheight=\dimen183
\adjbox@pdepth=\dimen184
\adjbox@ptotalheight=\dimen185

(c:/texlive/2023/texmf-dist/tex/latex/ifoddpage/ifoddpage.sty
Package: ifoddpage 2022/10/18 v1.2 Conditionals for odd/even page detection
\c@checkoddpage=\count293
))
(c:/texlive/2023/texmf-dist/tex/latex/amsfonts/amssymb.sty
Package: amssymb 2013/01/14 v3.01 AMS font symbols

(c:/texlive/2023/texmf-dist/tex/latex/amsfonts/amsfonts.sty
Package: amsfonts 2013/01/14 v3.01 Basic AMSFonts support
\@emptytoks=\toks29
\symAMSa=\mathgroup4
\symAMSb=\mathgroup5
LaTeX Font Info:    Redeclaring math symbol \hbar on input line 98.
LaTeX Font Info:    Overwriting math alphabet `\mathfrak' in version `bold'
(Font)                  U/euf/m/n --> U/euf/b/n on input line 106.
))
(c:/texlive/2023/texmf-dist/tex/latex/stackengine/stackengine.sty
Package: stackengine 2021/07/22 v4.11\ Stacking text and objects in convenient 
ways

(c:/texlive/2023/texmf-dist/tex/latex/etoolbox/etoolbox.sty
Package: etoolbox 2020/10/05 v2.5k e-TeX tools for LaTeX (JAW)
\etb@tempcnta=\count294
)
(c:/texlive/2023/texmf-dist/tex/generic/listofitems/listofitems.sty
(c:/texlive/2023/texmf-dist/tex/generic/listofitems/listofitems.tex
\loi_cnt_foreach_nest=\count295
\loi_nestcnt=\count296
)
Package: listofitems 2019/08/21 v1.63 Grab items in lists using user-specified 
sep char (CT)
)
\c@@stackindex=\count297
\@boxshift=\skip73
\stack@tmplength=\skip74
\temp@stkl=\skip75
\@stackedboxwidth=\skip76
\@addedbox=\box109
\@anchorbox=\box110
\@insetbox=\box111
\se@backgroundbox=\box112
\stackedbox=\box113
\@centerbox=\box114
\c@ROWcellindex@=\count298
)
(c:/texlive/2023/texmf-dist/tex/latex/enumitem/enumitem.sty
Package: enumitem 2019/06/20 v3.9 Customized lists
\labelindent=\skip77
\enit@outerparindent=\dimen186
\enit@toks=\toks30
\enit@inbox=\box115
\enit@count@id=\count299
\enitdp@description=\count300
)
(c:/texlive/2023/texmf-dist/tex/generic/alphalph/alphalph.sty
Package: alphalph 2019/12/09 v2.6 Convert numbers to letters (HO)

(c:/texlive/2023/texmf-dist/tex/generic/infwarerr/infwarerr.sty
Package: infwarerr 2019/12/03 v1.5 Providing info/warning/error messages (HO)
)
(c:/texlive/2023/texmf-dist/tex/generic/intcalc/intcalc.sty
Package: intcalc 2019/12/15 v1.3 Expandable calculations with integers (HO)
))
(c:/texlive/2023/texmf-dist/tex/generic/ulem/ulem.sty
\UL@box=\box116
\UL@hyphenbox=\box117
\UL@skip=\skip78
\UL@hook=\toks31
\UL@height=\dimen187
\UL@pe=\count301
\UL@pixel=\dimen188
\ULC@box=\box118
Package: ulem 2019/11/18
\ULdepth=\dimen189
)
\xrefbox=\box119
\xreflength=\skip79
\CodeWidthChar=\skip80
\CodeHeightChar=\skip81
\DoxyCodeWidth=\skip82
\c@DoxyEnumeratei=\count302
\c@DoxyEnumerateii=\count303
\c@DoxyEnumerateiii=\count304
\c@DoxyEnumerateiv=\count305
\c@DoxyEnumeratev=\count306
\c@DoxyEnumeratevi=\count307
\c@DoxyEnumeratevii=\count308
\c@DoxyEnumerateviii=\count309
\c@DoxyEnumerateix=\count310
\c@DoxyEnumeratex=\count311
\c@DoxyEnumeratexi=\count312
\c@DoxyEnumeratexii=\count313
\enitdp@DoxyEnumerate=\count314
\enitdp@DoxyItemize=\count315
)
(c:/texlive/2023/texmf-dist/tex/latex/base/inputenc.sty
Package: inputenc 2021/02/14 v1.3d Input encoding file
\inpenc@prehook=\toks32
\inpenc@posthook=\toks33
)
(c:/texlive/2023/texmf-dist/tex/latex/base/makeidx.sty
Package: makeidx 2021/10/04 v1.0m Standard LaTeX package
)
(c:/texlive/2023/texmf-dist/tex/latex/base/textcomp.sty
Package: textcomp 2020/02/02 v2.0n Standard LaTeX package
)
(c:/texlive/2023/texmf-dist/tex/latex/wasysym/wasysym.sty
Package: wasysym 2020/01/19 v2.4 Wasy-2 symbol support package
\symwasy=\mathgroup6
LaTeX Font Info:    Overwriting symbol font `wasy' in version `bold'
(Font)                  U/wasy/m/n --> U/wasy/b/n on input line 93.
)
(c:/texlive/2023/texmf-dist/tex/generic/iftex/ifxetex.sty
Package: ifxetex 2019/10/25 v0.7 ifxetex legacy package. Use iftex instead.
)
(c:/texlive/2023/texmf-dist/tex/latex/base/fontenc.sty
Package: fontenc 2021/04/29 v2.0v Standard LaTeX package
)
(c:/texlive/2023/texmf-dist/tex/latex/psnfss/helvet.sty
Package: helvet 2020/03/25 PSNFSS-v9.3 (WaS) 
)
(c:/texlive/2023/texmf-dist/tex/latex/psnfss/courier.sty
Package: courier 2020/03/25 PSNFSS-v9.3 (WaS) 
)
(c:/texlive/2023/texmf-dist/tex/latex/sectsty/sectsty.sty
Package: sectsty 2002/02/25 v2.0.2 Commands to change all sectional heading sty
les


LaTeX Warning: Command \underbar  has changed.
               Check if current package is valid.


LaTeX Warning: Command \underline  has changed.
               Check if current package is valid.

) (c:/texlive/2023/texmf-dist/tex/latex/geometry/geometry.sty
Package: geometry 2020/01/02 v5.9 Page Geometry

(c:/texlive/2023/texmf-dist/tex/generic/iftex/ifvtex.sty
Package: ifvtex 2019/10/25 v1.7 ifvtex legacy package. Use iftex instead.
)
\Gm@cnth=\count316
\Gm@cntv=\count317
\c@Gm@tempcnt=\count318
\Gm@bindingoffset=\dimen190
\Gm@wd@mp=\dimen191
\Gm@odd@mp=\dimen192
\Gm@even@mp=\dimen193
\Gm@layoutwidth=\dimen194
\Gm@layoutheight=\dimen195
\Gm@layouthoffset=\dimen196
\Gm@layoutvoffset=\dimen197
\Gm@dimlist=\toks34
)
(c:/texlive/2023/texmf-dist/tex/latex/changepage/changepage.sty
Package: changepage 2009/10/20 v1.0c check page and change page layout
\c@cp@cntr=\count319
\cp@tempcnt=\count320
LaTeX Info: Redefining \checkoddpage on input line 59.
)
(c:/texlive/2023/texmf-dist/tex/latex/fancyhdr/fancyhdr.sty
Package: fancyhdr 2022/11/09 v4.1 Extensive control of page headers and footers

\f@nch@headwidth=\skip83
\f@nch@O@elh=\skip84
\f@nch@O@erh=\skip85
\f@nch@O@olh=\skip86
\f@nch@O@orh=\skip87
\f@nch@O@elf=\skip88
\f@nch@O@erf=\skip89
\f@nch@O@olf=\skip90
\f@nch@O@orf=\skip91
)
(c:/texlive/2023/texmf-dist/tex/latex/natbib/natbib.sty
Package: natbib 2010/09/13 8.31b (PWD, AO)
\bibhang=\skip92
\bibsep=\skip93
LaTeX Info: Redefining \cite on input line 694.
\c@NAT@ctr=\count321
)
(c:/texlive/2023/texmf-dist/tex/latex/tocloft/tocloft.sty
Package: tocloft 2017/08/31 v2.3i parameterised ToC, etc., typesetting
Package tocloft Info: The document has chapter divisions on input line 51.
\cftparskip=\skip94
\cftbeforetoctitleskip=\skip95
\cftaftertoctitleskip=\skip96
\cftbeforepartskip=\skip97
\cftpartnumwidth=\skip98
\cftpartindent=\skip99
\cftbeforechapskip=\skip100
\cftchapindent=\skip101
\cftchapnumwidth=\skip102
\cftbeforesecskip=\skip103
\cftsecindent=\skip104
\cftsecnumwidth=\skip105
\cftbeforesubsecskip=\skip106
\cftsubsecindent=\skip107
\cftsubsecnumwidth=\skip108
\cftbeforesubsubsecskip=\skip109
\cftsubsubsecindent=\skip110
\cftsubsubsecnumwidth=\skip111
\cftbeforeparaskip=\skip112
\cftparaindent=\skip113
\cftparanumwidth=\skip114
\cftbeforesubparaskip=\skip115
\cftsubparaindent=\skip116
\cftsubparanumwidth=\skip117
\cftbeforeloftitleskip=\skip118
\cftafterloftitleskip=\skip119
\cftbeforefigskip=\skip120
\cftfigindent=\skip121
\cftfignumwidth=\skip122
\c@lofdepth=\count322
\c@lotdepth=\count323
\cftbeforelottitleskip=\skip123
\cftafterlottitleskip=\skip124
\cftbeforetabskip=\skip125
\cfttabindent=\skip126
\cfttabnumwidth=\skip127
)
\@indexfile=\write4
\openout4 = `refman.idx'.


Writing index file refman.idx
(c:/texlive/2023/texmf-dist/tex/latex/newunicodechar/newunicodechar.sty
Package: newunicodechar 2018/04/08 v1.2 Defining Unicode characters
)

Package newunicodechar Warning: Redefining Unicode character on input line 117.



Package newunicodechar Warning: Redefining Unicode character on input line 118.


(c:/texlive/2023/texmf-dist/tex/latex/hyperref/hyperref.sty
Package: hyperref 2023-02-07 v7.00v Hypertext links for LaTeX

(c:/texlive/2023/texmf-dist/tex/generic/ltxcmds/ltxcmds.sty
Package: ltxcmds 2020-05-10 v1.25 LaTeX kernel commands for general use (HO)
)
(c:/texlive/2023/texmf-dist/tex/generic/pdftexcmds/pdftexcmds.sty
Package: pdftexcmds 2020-06-27 v0.33 Utility functions of pdfTeX for LuaTeX (HO
)
Package pdftexcmds Info: \pdf@primitive is available.
Package pdftexcmds Info: \pdf@ifprimitive is available.
Package pdftexcmds Info: \pdfdraftmode found.
)
(c:/texlive/2023/texmf-dist/tex/latex/kvsetkeys/kvsetkeys.sty
Package: kvsetkeys 2022-10-05 v1.19 Key value parser (HO)
)
(c:/texlive/2023/texmf-dist/tex/generic/kvdefinekeys/kvdefinekeys.sty
Package: kvdefinekeys 2019-12-19 v1.6 Define keys (HO)
)
(c:/texlive/2023/texmf-dist/tex/generic/pdfescape/pdfescape.sty
Package: pdfescape 2019/12/09 v1.15 Implements pdfTeX's escape features (HO)
)
(c:/texlive/2023/texmf-dist/tex/latex/hycolor/hycolor.sty
Package: hycolor 2020-01-27 v1.10 Color options for hyperref/bookmark (HO)
)
(c:/texlive/2023/texmf-dist/tex/latex/letltxmacro/letltxmacro.sty
Package: letltxmacro 2019/12/03 v1.6 Let assignment for LaTeX macros (HO)
)
(c:/texlive/2023/texmf-dist/tex/latex/auxhook/auxhook.sty
Package: auxhook 2019-12-17 v1.6 Hooks for auxiliary files (HO)
)
(c:/texlive/2023/texmf-dist/tex/latex/hyperref/nameref.sty
Package: nameref 2022-05-17 v2.50 Cross-referencing by name of section

(c:/texlive/2023/texmf-dist/tex/latex/refcount/refcount.sty
Package: refcount 2019/12/15 v3.6 Data extraction from label references (HO)
)
(c:/texlive/2023/texmf-dist/tex/generic/gettitlestring/gettitlestring.sty
Package: gettitlestring 2019/12/15 v1.6 Cleanup title references (HO)

(c:/texlive/2023/texmf-dist/tex/latex/kvoptions/kvoptions.sty
Package: kvoptions 2022-06-15 v3.15 Key value format for package options (HO)
))
\c@section@level=\count324
)
\@linkdim=\dimen198
\Hy@linkcounter=\count325
\Hy@pagecounter=\count326

(c:/texlive/2023/texmf-dist/tex/latex/hyperref/pd1enc.def
File: pd1enc.def 2023-02-07 v7.00v Hyperref: PDFDocEncoding definition (HO)
Now handling font encoding PD1 ...
... no UTF-8 mapping file for font encoding PD1
)
(c:/texlive/2023/texmf-dist/tex/generic/etexcmds/etexcmds.sty
Package: etexcmds 2019/12/15 v1.7 Avoid name clashes with e-TeX commands (HO)
)
\Hy@SavedSpaceFactor=\count327

(c:/texlive/2023/texmf-dist/tex/latex/hyperref/puenc.def
File: puenc.def 2023-02-07 v7.00v Hyperref: PDF Unicode definition (HO)
Now handling font encoding PU ...
... no UTF-8 mapping file for font encoding PU
)
Package hyperref Info: Hyper figures OFF on input line 4177.
Package hyperref Info: Link nesting OFF on input line 4182.
Package hyperref Info: Hyper index ON on input line 4185.
Package hyperref Info: Plain pages OFF on input line 4192.
Package hyperref Info: Backreferencing ON on input line 4195.
Package hyperref Info: Implicit mode ON; LaTeX internals redefined.
Package hyperref Info: Bookmarks ON on input line 4425.

(c:/texlive/2023/texmf-dist/tex/latex/hyperref/backref.sty
Package: backref 2021/02/04 v1.41 Bibliographical back referencing

(c:/texlive/2023/texmf-dist/tex/latex/rerunfilecheck/rerunfilecheck.sty
Package: rerunfilecheck 2022-07-10 v1.10 Rerun checks for auxiliary files (HO)

(c:/texlive/2023/texmf-dist/tex/latex/base/atveryend-ltx.sty
Package: atveryend-ltx 2020/08/19 v1.0a Emulation of the original atveryend pac
kage
with kernel methods
)
(c:/texlive/2023/texmf-dist/tex/generic/uniquecounter/uniquecounter.sty
Package: uniquecounter 2019/12/15 v1.4 Provide unlimited unique counter (HO)

(c:/texlive/2023/texmf-dist/tex/generic/bigintcalc/bigintcalc.sty
Package: bigintcalc 2019/12/15 v1.5 Expandable calculations on big integers (HO
)
))
Package uniquecounter Info: New unique counter `rerunfilecheck' on input line 2
85.
))
\c@Hy@tempcnt=\count328

(c:/texlive/2023/texmf-dist/tex/latex/url/url.sty
\Urlmuskip=\muskip16
Package: url 2013/09/16  ver 3.4  Verb mode for urls, etc.
)
LaTeX Info: Redefining \url on input line 4763.
\XeTeXLinkMargin=\dimen199

(c:/texlive/2023/texmf-dist/tex/generic/bitset/bitset.sty
Package: bitset 2019/12/09 v1.3 Handle bit-vector datatype (HO)
)
\Fld@menulength=\count329
\Field@Width=\dimen256
\Fld@charsize=\dimen257
Package hyperref Info: Hyper figures OFF on input line 6042.
Package hyperref Info: Link nesting OFF on input line 6047.
Package hyperref Info: Hyper index ON on input line 6050.
Package hyperref Info: backreferencing ON on input line 6055.
Package hyperref Info: Link coloring OFF on input line 6062.
Package hyperref Info: Link coloring with OCG OFF on input line 6067.
Package hyperref Info: PDF/A mode OFF on input line 6072.

(c:/texlive/2023/texmf-dist/tex/latex/base/atbegshi-ltx.sty
Package: atbegshi-ltx 2021/01/10 v1.0c Emulation of the original atbegshi
package with kernel methods
)
\Hy@abspage=\count330
\c@Item=\count331
\c@Hfootnote=\count332


LaTeX Warning: Command \LT@p@ftntext  has changed.
               Check if current package is valid.

)
Package hyperref Info: Driver: hpdftex.
 (c:/texlive/2023/texmf-dist/tex/latex/hyperref/hpdftex.def
File: hpdftex.def 2023-02-07 v7.00v Hyperref driver for pdfTeX
\Fld@listcount=\count333
\c@bookmark@seq@number=\count334
\Hy@SectionHShift=\skip128
)
Package hyperref Info: Option `colorlinks' set `true' on input line 137.
Package hyperref Info: Option `unicode' set `true' on input line 137.

(c:/texlive/2023/texmf-dist/tex/latex/caption/caption.sty
Package: caption 2023/03/12 v3.6j Customizing captions (AR)

(c:/texlive/2023/texmf-dist/tex/latex/caption/caption3.sty
Package: caption3 2023/03/12 v2.4 caption3 kernel (AR)
\caption@tempdima=\dimen258
\captionmargin=\dimen259
\caption@leftmargin=\dimen260
\caption@rightmargin=\dimen261
\caption@width=\dimen262
\caption@indent=\dimen263
\caption@parindent=\dimen264
\caption@hangindent=\dimen265
Package caption Info: Standard document class detected.
)
\c@caption@flags=\count335
\c@continuedfloat=\count336
Package caption Info: changepage package is loaded.
\caption@adjustwidth@hsize=\dimen266
\caption@adjustwidth@linewidth=\dimen267
Package caption Info: float package is loaded.
Package caption Info: hyperref package is loaded.
Package caption Info: longtable package is loaded.

(c:/texlive/2023/texmf-dist/tex/latex/caption/ltcaption.sty
Package: ltcaption 2021/01/08 v1.4c longtable captions (AR)
))
(c:/texlive/2023/texmf-dist/tex/latex/etoc/etoc.sty
Package: etoc 2023/03/01 v1.2 Completely customisable TOCs (JFB)
\Etoc@toctoks=\toks35
\c@etoc@tocid=\count337
\etoc@framed@titlebox=\box120
\etoc@framed@contentsbox=\box121
)
LaTeX Font Info:    Trying to load font information for T1+phv on input line 15
3.

(c:/texlive/2023/texmf-dist/tex/latex/psnfss/t1phv.fd
File: t1phv.fd 2020/03/25 scalable font definitions for T1/phv.
)
LaTeX Font Info:    Font shape `T1/phv/m/n' will be
(Font)              scaled to size 8.99994pt on input line 153.

(c:/texlive/2023/texmf-dist/tex/latex/l3backend/l3backend-pdftex.def
File: l3backend-pdftex.def 2023-03-30 L3 backend support: PDF output (pdfTeX)
\l__color_backend_stack_int=\count338
\l__pdf_internal_box=\box122
)
No file refman.aux.
\openout1 = `refman.aux'.

LaTeX Font Info:    Checking defaults for OML/cmm/m/it on input line 153.
LaTeX Font Info:    ... okay on input line 153.
LaTeX Font Info:    Checking defaults for OMS/cmsy/m/n on input line 153.
LaTeX Font Info:    ... okay on input line 153.
LaTeX Font Info:    Checking defaults for OT1/cmr/m/n on input line 153.
LaTeX Font Info:    ... okay on input line 153.
LaTeX Font Info:    Checking defaults for T1/cmr/m/n on input line 153.
LaTeX Font Info:    ... okay on input line 153.
LaTeX Font Info:    Checking defaults for TS1/cmr/m/n on input line 153.
LaTeX Font Info:    ... okay on input line 153.
LaTeX Font Info:    Checking defaults for OMX/cmex/m/n on input line 153.
LaTeX Font Info:    ... okay on input line 153.
LaTeX Font Info:    Checking defaults for U/cmr/m/n on input line 153.
LaTeX Font Info:    ... okay on input line 153.
LaTeX Font Info:    Checking defaults for PD1/pdf/m/n on input line 153.
LaTeX Font Info:    ... okay on input line 153.
LaTeX Font Info:    Checking defaults for PU/pdf/m/n on input line 153.
LaTeX Font Info:    ... okay on input line 153.
(c:/texlive/2023/texmf-dist/tex/context/base/mkii/supp-pdf.mkii
[Loading MPS to PDF converter (version 2006.09.02).]
\scratchcounter=\count339
\scratchdimen=\dimen268
\scratchbox=\box123
\nofMPsegments=\count340
\nofMParguments=\count341
\everyMPshowfont=\toks36
\MPscratchCnt=\count342
\MPscratchDim=\dimen269
\MPnumerator=\count343
\makeMPintoPDFobject=\count344
\everyMPtoPDFconversion=\toks37
) (c:/texlive/2023/texmf-dist/tex/latex/epstopdf-pkg/epstopdf-base.sty
Package: epstopdf-base 2020-01-24 v2.11 Base part for package epstopdf
Package epstopdf-base Info: Redefining graphics rule for `.eps' on input line 4
85.

(c:/texlive/2023/texmf-dist/tex/latex/latexconfig/epstopdf-sys.cfg
File: epstopdf-sys.cfg 2010/07/13 v1.3 Configuration of (r)epstopdf for TeX Liv
e
))
*geometry* driver: auto-detecting
*geometry* detected driver: pdftex
*geometry* verbose mode - [ preamble ] result:
* driver: pdftex
* paper: a4paper
* layout: <same size as paper>
* layoutoffset:(h,v)=(0.0pt,0.0pt)
* modes: twoside 
* h-part:(L,W,R)=(71.13188pt, 455.24411pt, 71.13188pt)
* v-part:(T,H,B)=(71.13188pt, 702.78308pt, 71.13188pt)
* \paperwidth=597.50787pt
* \paperheight=845.04684pt
* \textwidth=455.24411pt
* \textheight=702.78308pt
* \oddsidemargin=-1.1381pt
* \evensidemargin=-1.1381pt
* \topmargin=-31.2056pt
* \headheight=12.0pt
* \headsep=18.06749pt
* \topskip=10.0pt
* \footskip=25.29494pt
* \marginparwidth=125.0pt
* \marginparsep=7.0pt
* \columnsep=10.0pt
* \skip\footins=9.0pt plus 4.0pt minus 2.0pt
* \hoffset=0.0pt
* \voffset=0.0pt
* \mag=1000
* \@twocolumnfalse
* \@twosidetrue
* \@mparswitchtrue
* \@reversemarginfalse
* (1in=72.27pt=25.4mm, 1cm=28.453pt)

Package backref Info: ** backref set up for natbib ** on input line 153.
Package hyperref Info: Link coloring ON on input line 153.
\@outlinefile=\write5
\openout5 = `refman.out'.

Package caption Info: Begin \AtBeginDocument code.
Package caption Info: End \AtBeginDocument code.
No file refman.toc.
Package hyperref Info: Option `pageanchor' set `false' on input line 161.
Package hyperref Info: Option `bookmarksnumbered' set `true' on input line 161.

Package hyperref Info: Option `unicode' set `true' on input line 161.
LaTeX Font Info:    Font shape `T1/phv/m/n' will be
(Font)              scaled to size 12.9599pt on input line 166.
LaTeX Font Info:    Font shape `T1/phv/m/n' will be
(Font)              scaled to size 6.29996pt on input line 166.
LaTeX Font Info:    Trying to load font information for U+msa on input line 166
.
(c:/texlive/2023/texmf-dist/tex/latex/amsfonts/umsa.fd
File: umsa.fd 2013/01/14 v3.01 AMS symbols A
)
LaTeX Font Info:    Trying to load font information for U+msb on input line 166
.

(c:/texlive/2023/texmf-dist/tex/latex/amsfonts/umsb.fd
File: umsb.fd 2013/01/14 v3.01 AMS symbols B
)
LaTeX Font Info:    Trying to load font information for U+wasy on input line 16
6.

(c:/texlive/2023/texmf-dist/tex/latex/wasysym/uwasy.fd
File: uwasy.fd 2020/01/19 v2.4 Wasy-2 symbol font definitions
)
LaTeX Font Info:    Font shape `T1/phv/m/n' will be
(Font)              scaled to size 10.79993pt on input line 168.
 [1


{c:/texlive/2023/texmf-var/fonts/map/pdftex/updmap/pdftex.map}{c:/texlive/2023/
texmf-dist/fonts/enc/dvips/base/8r.enc}] [2

]
\tf@toc=\write6
\openout6 = `refman.toc'.

Package hyperref Info: Option `pageanchor' set `true' on input line 177.

Chapter 1.
LaTeX Font Info:    Font shape `T1/phv/m/n' will be
(Font)              scaled to size 18.66588pt on input line 179.
LaTeX Font Info:    Font shape `T1/phv/b/n' will be
(Font)              scaled to size 18.66588pt on input line 179.
LaTeX Font Info:    Font shape `T1/phv/bc/n' will be
(Font)              scaled to size 18.66588pt on input line 179.
LaTeX Font Info:    Font shape `T1/phv/m/n' will be
(Font)              scaled to size 22.39185pt on input line 179.
LaTeX Font Info:    Font shape `T1/phv/b/n' will be
(Font)              scaled to size 22.39185pt on input line 179.
LaTeX Font Info:    Font shape `T1/phv/bc/n' will be
(Font)              scaled to size 22.39185pt on input line 179.
LaTeX Font Info:    Font shape `T1/phv/bc/n' will be
(Font)              scaled to size 6.29996pt on input line 179.
(./index.tex
LaTeX Font Info:    Trying to load font information for TS1+phv on input line 5
.
 (c:/texlive/2023/texmf-dist/tex/latex/psnfss/ts1phv.fd
File: ts1phv.fd 2020/03/25 scalable font definitions for TS1/phv.
)
LaTeX Font Info:    Font shape `TS1/phv/m/n' will be
(Font)              scaled to size 8.99994pt on input line 5.
)
LaTeX Font Info:    Font shape `T1/phv/b/n' will be
(Font)              scaled to size 8.99994pt on input line 181.
LaTeX Font Info:    Font shape `T1/phv/b/n' will be
(Font)              scaled to size 6.29996pt on input line 181.
 [1


]
[2

]
Chapter 2.
(./modules.tex
LaTeX Font Info:    Font shape `T1/phv/b/n' will be
(Font)              scaled to size 12.9599pt on input line 1.


LaTeX Warning: Reference `group___c_m_s_i_s___m_i_s_r_a___exceptions' on page 3
 undefined on input line 3.


LaTeX Warning: Reference `group___c_m_s_i_s__core__definitions' on page 3 undef
ined on input line 4.


LaTeX Warning: Reference `group___c_m_s_i_s__core__register' on page 3 undefine
d on input line 6.


LaTeX Warning: Reference `group___c_m_s_i_s___c_o_r_e' on page 3 undefined on i
nput line 8.


LaTeX Warning: Reference `group___c_m_s_i_s___n_v_i_c' on page 3 undefined on i
nput line 10.


LaTeX Warning: Reference `group___c_m_s_i_s___s_c_b' on page 3 undefined on inp
ut line 12.


LaTeX Warning: Reference `group___c_m_s_i_s___s_cn_s_c_b' on page 3 undefined o
n input line 14.


LaTeX Warning: Reference `group___c_m_s_i_s___sys_tick' on page 3 undefined on 
input line 15.


LaTeX Warning: Reference `group___c_m_s_i_s___i_t_m' on page 3 undefined on inp
ut line 16.


LaTeX Warning: Reference `group___c_m_s_i_s___core_debug' on page 3 undefined o
n input line 17.


LaTeX Warning: Reference `group___c_m_s_i_s___core___function_interface' on pag
e 3 undefined on input line 18.


LaTeX Warning: Reference `group___c_m_s_i_s___core___n_v_i_c_functions' on page
 3 undefined on input line 19.


LaTeX Warning: Reference `group___c_m_s_i_s___core___sys_tick_functions' on pag
e 3 undefined on input line 20.


LaTeX Warning: Reference `group___c_m_s_i_s__core___debug_functions' on page 3 
undefined on input line 21.


LaTeX Warning: Reference `group___c_m_s_i_s___core___reg_acc_functions' on page
 3 undefined on input line 22.


LaTeX Warning: Reference `group___c_m_s_i_s___core___n_v_i_c_functions' on page
 3 undefined on input line 23.


LaTeX Warning: Reference `group___c_m_s_i_s___core___sys_tick_functions' on pag
e 3 undefined on input line 24.


LaTeX Warning: Reference `group___c_m_s_i_s__core___debug_functions' on page 3 
undefined on input line 25.


LaTeX Warning: Reference `group___c_m_s_i_s___c_o_r_e' on page 3 undefined on i
nput line 30.


LaTeX Warning: Reference `group___c_m_s_i_s___n_v_i_c' on page 3 undefined on i
nput line 32.


LaTeX Warning: Reference `group___c_m_s_i_s___s_c_b' on page 3 undefined on inp
ut line 34.


LaTeX Warning: Reference `group___c_m_s_i_s___s_cn_s_c_b' on page 3 undefined o
n input line 36.


LaTeX Warning: Reference `group___c_m_s_i_s___sys_tick' on page 3 undefined on 
input line 38.


LaTeX Warning: Reference `group___c_m_s_i_s___i_t_m' on page 3 undefined on inp
ut line 39.


LaTeX Warning: Reference `group___c_m_s_i_s___core_debug' on page 3 undefined o
n input line 40.


LaTeX Warning: Reference `group___c_m_s_i_s___core___function_interface' on pag
e 3 undefined on input line 41.


LaTeX Warning: Reference `group___c_m_s_i_s___core___n_v_i_c_functions' on page
 3 undefined on input line 42.


LaTeX Warning: Reference `group___c_m_s_i_s___core___sys_tick_functions' on pag
e 3 undefined on input line 43.


LaTeX Warning: Reference `group___c_m_s_i_s__core___debug_functions' on page 3 
undefined on input line 44.


LaTeX Warning: Reference `group___c_m_s_i_s___core___reg_acc_functions' on page
 3 undefined on input line 45.


LaTeX Warning: Reference `group___c_m_s_i_s___core___n_v_i_c_functions' on page
 3 undefined on input line 46.


LaTeX Warning: Reference `group___c_m_s_i_s___core___sys_tick_functions' on pag
e 3 undefined on input line 47.


LaTeX Warning: Reference `group___c_m_s_i_s__core___debug_functions' on page 3 
undefined on input line 48.


LaTeX Warning: Reference `group___c_m_s_i_s___s_i_m_d__intrinsics' on page 3 un
defined on input line 54.


LaTeX Warning: Reference `group___c_m_s_i_s___core___instruction_interface' on 
page 3 undefined on input line 55.


LaTeX Warning: Reference `group___s_t_m32_f4xx___std_periph___driver' on page 3
 undefined on input line 56.


LaTeX Warning: Reference `group___m_i_s_c' on page 3 undefined on input line 58
.


LaTeX Warning: Reference `group___m_i_s_c___exported___constants' on page 3 und
efined on input line 60.


LaTeX Warning: Reference `group___m_i_s_c___vector___table___base' on page 3 un
defined on input line 62.

[3]

LaTeX Warning: Reference `group___m_i_s_c___system___low___power' on page 4 und
efined on input line 63.


LaTeX Warning: Reference `group___m_i_s_c___preemption___priority___group' on p
age 4 undefined on input line 64.


LaTeX Warning: Reference `group___m_i_s_c___sys_tick__clock__source' on page 4 
undefined on input line 65.


LaTeX Warning: Reference `group___m_i_s_c___private___functions' on page 4 unde
fined on input line 67.


LaTeX Warning: Reference `group___d_m_a' on page 4 undefined on input line 69.


LaTeX Warning: Reference `group___d_m_a___exported___constants' on page 4 undef
ined on input line 71.


LaTeX Warning: Reference `group___d_m_a__channel' on page 4 undefined on input 
line 73.


LaTeX Warning: Reference `group___d_m_a__data__transfer__direction' on page 4 u
ndefined on input line 74.


LaTeX Warning: Reference `group___d_m_a__data__buffer__size' on page 4 undefine
d on input line 75.


LaTeX Warning: Reference `group___d_m_a__peripheral__incremented__mode' on page
 4 undefined on input line 76.


LaTeX Warning: Reference `group___d_m_a__memory__incremented__mode' on page 4 u
ndefined on input line 77.


LaTeX Warning: Reference `group___d_m_a__peripheral__data__size' on page 4 unde
fined on input line 78.


LaTeX Warning: Reference `group___d_m_a__memory__data__size' on page 4 undefine
d on input line 79.


LaTeX Warning: Reference `group___d_m_a__circular__normal__mode' on page 4 unde
fined on input line 80.


LaTeX Warning: Reference `group___d_m_a__priority__level' on page 4 undefined o
n input line 81.


LaTeX Warning: Reference `group___d_m_a__fifo__direct__mode' on page 4 undefine
d on input line 82.


LaTeX Warning: Reference `group___d_m_a__fifo__threshold__level' on page 4 unde
fined on input line 83.


LaTeX Warning: Reference `group___d_m_a__memory__burst' on page 4 undefined on 
input line 84.


LaTeX Warning: Reference `group___d_m_a__peripheral__burst' on page 4 undefined
 on input line 85.


LaTeX Warning: Reference `group___d_m_a__fifo__status__level' on page 4 undefin
ed on input line 86.


LaTeX Warning: Reference `group___d_m_a__flags__definition' on page 4 undefined
 on input line 87.


LaTeX Warning: Reference `group___d_m_a__interrupt__enable__definitions' on pag
e 4 undefined on input line 88.


LaTeX Warning: Reference `group___d_m_a__interrupts__definitions' on page 4 und
efined on input line 89.


LaTeX Warning: Reference `group___d_m_a__peripheral__increment__offset' on page
 4 undefined on input line 90.


LaTeX Warning: Reference `group___d_m_a__flow__controller__definitions' on page
 4 undefined on input line 91.


LaTeX Warning: Reference `group___d_m_a__memory__targets__definitions' on page 
4 undefined on input line 92.


LaTeX Warning: Reference `group___d_m_a___private___functions' on page 4 undefi
ned on input line 94.


LaTeX Warning: Reference `group___d_m_a___group1' on page 4 undefined on input 
line 96.


LaTeX Warning: Reference `group___d_m_a___group2' on page 4 undefined on input 
line 97.


LaTeX Warning: Reference `group___d_m_a___group3' on page 4 undefined on input 
line 98.


LaTeX Warning: Reference `group___d_m_a___group4' on page 4 undefined on input 
line 99.


LaTeX Warning: Reference `group___g_p_i_o' on page 4 undefined on input line 10
2.


LaTeX Warning: Reference `group___g_p_i_o___exported___constants' on page 4 und
efined on input line 104.


LaTeX Warning: Reference `group___g_p_i_o__pins__define' on page 4 undefined on
 input line 106.


LaTeX Warning: Reference `group___g_p_i_o___pin__sources' on page 4 undefined o
n input line 107.


LaTeX Warning: Reference `group___g_p_i_o___alternat__function__selection__defi
ne' on page 4 undefined on input line 108.


LaTeX Warning: Reference `group___g_p_i_o___legacy' on page 4 undefined on inpu
t line 109.


LaTeX Warning: Reference `group___g_p_i_o___private___functions' on page 4 unde
fined on input line 111.


LaTeX Warning: Reference `group___g_p_i_o___group1' on page 4 undefined on inpu
t line 113.


LaTeX Warning: Reference `group___g_p_i_o___group2' on page 4 undefined on inpu
t line 114.


LaTeX Warning: Reference `group___g_p_i_o___group3' on page 4 undefined on inpu
t line 115.


LaTeX Warning: Reference `group___r_c_c' on page 4 undefined on input line 118.



LaTeX Warning: Reference `group___r_c_c___exported___constants' on page 4 undef
ined on input line 120.


LaTeX Warning: Reference `group___r_c_c___h_s_e__configuration' on page 4 undef
ined on input line 122.


LaTeX Warning: Reference `group___r_c_c___p_l_l___clock___source' on page 4 und
efined on input line 123.


LaTeX Warning: Reference `group___r_c_c___system___clock___source' on page 4 un
defined on input line 124.


LaTeX Warning: Reference `group___r_c_c___a_h_b___clock___source' on page 4 und
efined on input line 125.


LaTeX Warning: Reference `group___r_c_c___a_p_b1___a_p_b2___clock___source' on 
page 4 undefined on input line 126.


LaTeX Warning: Reference `group___r_c_c___interrupt___source' on page 4 undefin
ed on input line 127.


LaTeX Warning: Reference `group___r_c_c___l_s_e___configuration' on page 4 unde
fined on input line 128.


LaTeX Warning: Reference `group___r_c_c___r_t_c___clock___source' on page 4 und
efined on input line 129.


LaTeX Warning: Reference `group___r_c_c___i2_s___clock___source' on page 4 unde
fined on input line 130.


LaTeX Warning: Reference `group___r_c_c___a_h_b1___peripherals' on page 4 undef
ined on input line 131.


LaTeX Warning: Reference `group___r_c_c___a_h_b2___peripherals' on page 4 undef
ined on input line 132.

[4]

LaTeX Warning: Reference `group___r_c_c___a_h_b3___peripherals' on page 5 undef
ined on input line 133.


LaTeX Warning: Reference `group___r_c_c___a_p_b1___peripherals' on page 5 undef
ined on input line 134.


LaTeX Warning: Reference `group___r_c_c___a_p_b2___peripherals' on page 5 undef
ined on input line 135.


LaTeX Warning: Reference `group___r_c_c___m_c_o1___clock___source___prescaler' 
on page 5 undefined on input line 136.


LaTeX Warning: Reference `group___r_c_c___m_c_o2___clock___source___prescaler' 
on page 5 undefined on input line 137.


LaTeX Warning: Reference `group___r_c_c___flag' on page 5 undefined on input li
ne 138.


LaTeX Warning: Reference `group___r_c_c___private___functions' on page 5 undefi
ned on input line 140.


LaTeX Warning: Reference `group___r_c_c___group1' on page 5 undefined on input 
line 142.


LaTeX Warning: Reference `group___r_c_c___group2' on page 5 undefined on input 
line 143.


LaTeX Warning: Reference `group___r_c_c___group3' on page 5 undefined on input 
line 144.


LaTeX Warning: Reference `group___r_c_c___group4' on page 5 undefined on input 
line 145.


LaTeX Warning: Reference `group___t_i_m' on page 5 undefined on input line 148.



LaTeX Warning: Reference `group___t_i_m___exported__constants' on page 5 undefi
ned on input line 150.


LaTeX Warning: Reference `group___t_i_m___output___compare__and___p_w_m__modes'
 on page 5 undefined on input line 152.


LaTeX Warning: Reference `group___t_i_m___one___pulse___mode' on page 5 undefin
ed on input line 153.


LaTeX Warning: Reference `group___t_i_m___channel' on page 5 undefined on input
 line 154.


LaTeX Warning: Reference `group___t_i_m___clock___division___c_k_d' on page 5 u
ndefined on input line 155.


LaTeX Warning: Reference `group___t_i_m___counter___mode' on page 5 undefined o
n input line 156.


LaTeX Warning: Reference `group___t_i_m___output___compare___polarity' on page 
5 undefined on input line 157.


LaTeX Warning: Reference `group___t_i_m___output___compare___n___polarity' on p
age 5 undefined on input line 158.


LaTeX Warning: Reference `group___t_i_m___output___compare___state' on page 5 u
ndefined on input line 159.


LaTeX Warning: Reference `group___t_i_m___output___compare___n___state' on page
 5 undefined on input line 160.


LaTeX Warning: Reference `group___t_i_m___capture___compare___state' on page 5 
undefined on input line 161.


LaTeX Warning: Reference `group___t_i_m___capture___compare___n___state' on pag
e 5 undefined on input line 162.


LaTeX Warning: Reference `group___t_i_m___break___input__enable__disable' on pa
ge 5 undefined on input line 163.


LaTeX Warning: Reference `group___t_i_m___break___polarity' on page 5 undefined
 on input line 164.


LaTeX Warning: Reference `group___t_i_m___a_o_e___bit___set___reset' on page 5 
undefined on input line 165.


LaTeX Warning: Reference `group___t_i_m___lock__level' on page 5 undefined on i
nput line 166.


LaTeX Warning: Reference `group___t_i_m___o_s_s_i___off___state___selection__fo
r___idle__mode__state' on page 5 undefined on input line 167.


LaTeX Warning: Reference `group___t_i_m___o_s_s_r___off___state___selection__fo
r___run__mode__state' on page 5 undefined on input line 168.


LaTeX Warning: Reference `group___t_i_m___output___compare___idle___state' on p
age 5 undefined on input line 169.


LaTeX Warning: Reference `group___t_i_m___output___compare___n___idle___state' 
on page 5 undefined on input line 170.


LaTeX Warning: Reference `group___t_i_m___input___capture___polarity' on page 5
 undefined on input line 171.


LaTeX Warning: Reference `group___t_i_m___input___capture___selection' on page 
5 undefined on input line 172.


LaTeX Warning: Reference `group___t_i_m___input___capture___prescaler' on page 
5 undefined on input line 173.


LaTeX Warning: Reference `group___t_i_m__interrupt__sources' on page 5 undefine
d on input line 174.


LaTeX Warning: Reference `group___t_i_m___d_m_a___base__address' on page 5 unde
fined on input line 175.


LaTeX Warning: Reference `group___t_i_m___d_m_a___burst___length' on page 5 und
efined on input line 176.


LaTeX Warning: Reference `group___t_i_m___d_m_a__sources' on page 5 undefined o
n input line 177.


LaTeX Warning: Reference `group___t_i_m___external___trigger___prescaler' on pa
ge 5 undefined on input line 178.


LaTeX Warning: Reference `group___t_i_m___internal___trigger___selection' on pa
ge 5 undefined on input line 179.


LaTeX Warning: Reference `group___t_i_m___t_ix___external___clock___source' on 
page 5 undefined on input line 180.


LaTeX Warning: Reference `group___t_i_m___external___trigger___polarity' on pag
e 5 undefined on input line 181.


LaTeX Warning: Reference `group___t_i_m___prescaler___reload___mode' on page 5 
undefined on input line 182.


LaTeX Warning: Reference `group___t_i_m___forced___action' on page 5 undefined 
on input line 183.


LaTeX Warning: Reference `group___t_i_m___encoder___mode' on page 5 undefined o
n input line 184.


LaTeX Warning: Reference `group___t_i_m___event___source' on page 5 undefined o
n input line 185.


LaTeX Warning: Reference `group___t_i_m___update___source' on page 5 undefined 
on input line 186.


LaTeX Warning: Reference `group___t_i_m___output___compare___preload___state' o
n page 5 undefined on input line 187.


LaTeX Warning: Reference `group___t_i_m___output___compare___fast___state' on p
age 5 undefined on input line 188.


LaTeX Warning: Reference `group___t_i_m___output___compare___clear___state' on 
page 5 undefined on input line 189.


LaTeX Warning: Reference `group___t_i_m___trigger___output___source' on page 5 
undefined on input line 190.


LaTeX Warning: Reference `group___t_i_m___slave___mode' on page 5 undefined on 
input line 191.


LaTeX Warning: Reference `group___t_i_m___master___slave___mode' on page 5 unde
fined on input line 192.


LaTeX Warning: Reference `group___t_i_m___remap' on page 5 undefined on input l
ine 193.


LaTeX Warning: Reference `group___t_i_m___flags' on page 5 undefined on input l
ine 194.


LaTeX Warning: Reference `group___t_i_m___input___capture___filer___value' on p
age 5 undefined on input line 195.

[5]

LaTeX Warning: Reference `group___t_i_m___external___trigger___filter' on page 
6 undefined on input line 196.


LaTeX Warning: Reference `group___t_i_m___legacy' on page 6 undefined on input 
line 197.


LaTeX Warning: Reference `group___t_i_m___private___functions' on page 6 undefi
ned on input line 199.


LaTeX Warning: Reference `group___t_i_m___group1' on page 6 undefined on input 
line 201.


LaTeX Warning: Reference `group___t_i_m___group2' on page 6 undefined on input 
line 202.


LaTeX Warning: Reference `group___t_i_m___group3' on page 6 undefined on input 
line 203.


LaTeX Warning: Reference `group___t_i_m___group4' on page 6 undefined on input 
line 204.


LaTeX Warning: Reference `group___t_i_m___group5' on page 6 undefined on input 
line 205.


LaTeX Warning: Reference `group___t_i_m___group6' on page 6 undefined on input 
line 206.


LaTeX Warning: Reference `group___t_i_m___group7' on page 6 undefined on input 
line 207.


LaTeX Warning: Reference `group___t_i_m___group8' on page 6 undefined on input 
line 208.


LaTeX Warning: Reference `group___t_i_m___group9' on page 6 undefined on input 
line 209.


LaTeX Warning: Reference `group___c_m_s_i_s' on page 6 undefined on input line 
213.


LaTeX Warning: Reference `group__stm32f4xx' on page 6 undefined on input line 2
15.


LaTeX Warning: Reference `group___library__configuration__section' on page 6 un
defined on input line 217.


LaTeX Warning: Reference `group___configuration__section__for___c_m_s_i_s' on p
age 6 undefined on input line 218.


LaTeX Warning: Reference `group___exported__types' on page 6 undefined on input
 line 219.


LaTeX Warning: Reference `group___peripheral__registers__structures' on page 6 
undefined on input line 220.


LaTeX Warning: Reference `group___peripheral__memory__map' on page 6 undefined 
on input line 221.


LaTeX Warning: Reference `group___peripheral__declaration' on page 6 undefined 
on input line 222.


LaTeX Warning: Reference `group___exported__constants' on page 6 undefined on i
nput line 223.


LaTeX Warning: Reference `group___peripheral___registers___bits___definition' o
n page 6 undefined on input line 225.


LaTeX Warning: Reference `group___exported__macro' on page 6 undefined on input
 line 227.


LaTeX Warning: Reference `group__stm32f4xx__system' on page 6 undefined on inpu
t line 229.


LaTeX Warning: Reference `group___s_t_m32_f4xx___system___includes' on page 6 u
ndefined on input line 231.


LaTeX Warning: Reference `group___s_t_m32_f4xx___system___exported__types' on p
age 6 undefined on input line 232.


LaTeX Warning: Reference `group___s_t_m32_f4xx___system___exported___constants'
 on page 6 undefined on input line 233.


LaTeX Warning: Reference `group___s_t_m32_f4xx___system___exported___macros' on
 page 6 undefined on input line 234.


LaTeX Warning: Reference `group___s_t_m32_f4xx___system___exported___functions'
 on page 6 undefined on input line 235.


LaTeX Warning: Reference `group___s_t_m32_f4xx___system___private___includes' o
n page 6 undefined on input line 236.


LaTeX Warning: Reference `group___s_t_m32_f4xx___system___private___types_defin
itions' on page 6 undefined on input line 237.


LaTeX Warning: Reference `group___s_t_m32_f4xx___system___private___defines' on
 page 6 undefined on input line 238.


LaTeX Warning: Reference `group___s_t_m32_f4xx___system___private___macros' on 
page 6 undefined on input line 239.


LaTeX Warning: Reference `group___s_t_m32_f4xx___system___private___variables' 
on page 6 undefined on input line 240.


LaTeX Warning: Reference `group___s_t_m32_f4xx___system___private___function_pr
ototypes' on page 6 undefined on input line 241.


LaTeX Warning: Reference `group___s_t_m32_f4xx___system___private___functions' 
on page 6 undefined on input line 242.

) [6]
Chapter 3.
(./annotated.tex

LaTeX Warning: Reference `struct_a_d_c___common___type_def' on page 7 undefined
 on input line 3.


LaTeX Warning: Reference `struct_a_d_c___type_def' on page 7 undefined on input
 line 5.


Underfull \hbox (badness 10000) in paragraph at lines 5--5
 []  
 []


LaTeX Warning: Reference `union_a_p_s_r___type' on page 7 undefined on input li
ne 6.


LaTeX Warning: Reference `struct_c_a_n___f_i_f_o_mail_box___type_def' on page 7
 undefined on input line 7.


LaTeX Warning: Reference `struct_c_a_n___filter_register___type_def' on page 7 
undefined on input line 8.


LaTeX Warning: Reference `struct_c_a_n___tx_mail_box___type_def' on page 7 unde
fined on input line 9.


LaTeX Warning: Reference `struct_c_a_n___type_def' on page 7 undefined on input
 line 10.


LaTeX Warning: Reference `union_c_o_n_t_r_o_l___type' on page 7 undefined on in
put line 11.


LaTeX Warning: Reference `struct_core_debug___type' on page 7 undefined on inpu
t line 12.


LaTeX Warning: Reference `struct_c_r_c___type_def' on page 7 undefined on input
 line 13.


LaTeX Warning: Reference `struct_c_r_y_p___type_def' on page 7 undefined on inp
ut line 14.


LaTeX Warning: Reference `struct_d_a_c___type_def' on page 7 undefined on input
 line 15.


LaTeX Warning: Reference `struct_d_b_g_m_c_u___type_def' on page 7 undefined on
 input line 16.


LaTeX Warning: Reference `struct_d_c_m_i___type_def' on page 7 undefined on inp
ut line 17.


LaTeX Warning: Reference `struct_d_m_a___init_type_def' on page 7 undefined on 
input line 18.


LaTeX Warning: Reference `struct_d_m_a___stream___type_def' on page 7 undefined
 on input line 19.


LaTeX Warning: Reference `struct_d_m_a___type_def' on page 7 undefined on input
 line 20.


LaTeX Warning: Reference `struct_e_t_h___type_def' on page 7 undefined on input
 line 21.


LaTeX Warning: Reference `struct_e_x_t_i___type_def' on page 7 undefined on inp
ut line 22.


LaTeX Warning: Reference `struct_f_l_a_s_h___type_def' on page 7 undefined on i
nput line 23.

[7

]

LaTeX Warning: Reference `struct_f_s_m_c___bank1___type_def' on page 8 undefine
d on input line 24.


LaTeX Warning: Reference `struct_f_s_m_c___bank1_e___type_def' on page 8 undefi
ned on input line 25.


LaTeX Warning: Reference `struct_f_s_m_c___bank2___type_def' on page 8 undefine
d on input line 26.


LaTeX Warning: Reference `struct_f_s_m_c___bank3___type_def' on page 8 undefine
d on input line 27.


LaTeX Warning: Reference `struct_f_s_m_c___bank4___type_def' on page 8 undefine
d on input line 28.


LaTeX Warning: Reference `struct_g_p_i_o___init_type_def' on page 8 undefined o
n input line 30.


Underfull \hbox (badness 10000) in paragraph at lines 30--30
 []  
 []


LaTeX Warning: Reference `struct_g_p_i_o___type_def' on page 8 undefined on inp
ut line 31.


LaTeX Warning: Reference `struct_h_a_s_h___type_def' on page 8 undefined on inp
ut line 32.


LaTeX Warning: Reference `struct_i2_c___type_def' on page 8 undefined on input 
line 33.


LaTeX Warning: Reference `union_i_p_s_r___type' on page 8 undefined on input li
ne 34.


LaTeX Warning: Reference `struct_i_t_m___type' on page 8 undefined on input lin
e 35.


LaTeX Warning: Reference `struct_i_w_d_g___type_def' on page 8 undefined on inp
ut line 36.


LaTeX Warning: Reference `struct_n_v_i_c___init_type_def' on page 8 undefined o
n input line 38.


Underfull \hbox (badness 10000) in paragraph at lines 38--38
 []  
 []


LaTeX Warning: Reference `struct_n_v_i_c___type' on page 8 undefined on input l
ine 39.


LaTeX Warning: Reference `struct_p_a_r_s_e___s_t_o_r_a_g_e' on page 8 undefined
 on input line 40.


LaTeX Warning: Reference `struct_p_w_r___type_def' on page 8 undefined on input
 line 41.


LaTeX Warning: Reference `struct_r_c_c___clocks_type_def' on page 8 undefined o
n input line 42.


LaTeX Warning: Reference `struct_r_c_c___type_def' on page 8 undefined on input
 line 43.


LaTeX Warning: Reference `struct_r_n_g___type_def' on page 8 undefined on input
 line 44.


LaTeX Warning: Reference `struct_r_t_c___type_def' on page 8 undefined on input
 line 45.


LaTeX Warning: Reference `struct_s_c_b___type' on page 8 undefined on input lin
e 46.


LaTeX Warning: Reference `struct_s_cn_s_c_b___type' on page 8 undefined on inpu
t line 47.


LaTeX Warning: Reference `struct_s_d_i_o___type_def' on page 8 undefined on inp
ut line 48.


LaTeX Warning: Reference `struct_s_p_i___type_def' on page 8 undefined on input
 line 49.


LaTeX Warning: Reference `struct_s_y_s_c_f_g___type_def' on page 8 undefined on
 input line 50.


LaTeX Warning: Reference `struct_sys_tick___type' on page 8 undefined on input 
line 51.


LaTeX Warning: Reference `struct_t_i_m___b_d_t_r_init_type_def' on page 8 undef
ined on input line 52.


LaTeX Warning: Reference `struct_t_i_m___i_c_init_type_def' on page 8 undefined
 on input line 54.


Underfull \hbox (badness 10000) in paragraph at lines 54--54
 []  
 []

[8]

LaTeX Warning: Reference `struct_t_i_m___o_c_init_type_def' on page 9 undefined
 on input line 56.


Underfull \hbox (badness 10000) in paragraph at lines 56--56
 []  
 []


LaTeX Warning: Reference `struct_t_i_m___time_base_init_type_def' on page 9 und
efined on input line 58.


Underfull \hbox (badness 10000) in paragraph at lines 58--58
 []  
 []


LaTeX Warning: Reference `struct_t_i_m___type_def' on page 9 undefined on input
 line 59.


LaTeX Warning: Reference `struct_u_a_r_t___communication' on page 9 undefined o
n input line 60.


LaTeX Warning: Reference `struct_u_s_a_r_t___type_def' on page 9 undefined on i
nput line 61.


LaTeX Warning: Reference `struct_v_g_a__t' on page 9 undefined on input line 62
.


LaTeX Warning: Reference `struct_w_w_d_g___type_def' on page 9 undefined on inp
ut line 63.


LaTeX Warning: Reference `unionx_p_s_r___type' on page 9 undefined on input lin
e 64.

) [9] [10

]
Chapter 4.
(./files.tex

LaTeX Warning: Reference `_a_p_i__functions_8h' on page 11 undefined on input l
ine 3.


LaTeX Warning: Reference `bitmap__arrows_8h' on page 11 undefined on input line
 4.


LaTeX Warning: Reference `bitmap__smileys_8h' on page 11 undefined on input lin
e 5.


LaTeX Warning: Reference `core__cm4_8h' on page 11 undefined on input line 6.


LaTeX Warning: Reference `core__cm4__simd_8h' on page 11 undefined on input lin
e 7.


LaTeX Warning: Reference `core__cm_func_8h' on page 11 undefined on input line 
8.


LaTeX Warning: Reference `core__cm_instr_8h' on page 11 undefined on input line
 9.


LaTeX Warning: Reference `error_8h' on page 11 undefined on input line 10.


LaTeX Warning: Reference `logic__layer_8h' on page 11 undefined on input line 1
1.


LaTeX Warning: Reference `main_8h_source' on page 11 undefined on input line 12
.


LaTeX Warning: Reference `misc_8h' on page 11 undefined on input line 13.


LaTeX Warning: Reference `stm32__ub__vga__screen_8h_source' on page 11 undefine
d on input line 14.


LaTeX Warning: Reference `stm32f4xx_8h' on page 11 undefined on input line 15.


LaTeX Warning: Reference `stm32f4xx__conf_8h_source' on page 11 undefined on in
put line 16.


LaTeX Warning: Reference `stm32f4xx__dma_8h' on page 11 undefined on input line
 17.


LaTeX Warning: Reference `stm32f4xx__gpio_8h' on page 11 undefined on input lin
e 18.


LaTeX Warning: Reference `stm32f4xx__rcc_8h' on page 11 undefined on input line
 19.


LaTeX Warning: Reference `stm32f4xx__tim_8h' on page 11 undefined on input line
 20.


LaTeX Warning: Reference `system__stm32f4xx_8h' on page 11 undefined on input l
ine 22.


Underfull \hbox (badness 10000) in paragraph at lines 22--22
 []  
 []


LaTeX Warning: Reference `_u_a_r_t__communication_8h' on page 11 undefined on i
nput line 23.

[11]

LaTeX Warning: Reference `_a_p_i__functions_8c' on page 12 undefined on input l
ine 24.


LaTeX Warning: Reference `logic__layer_8c' on page 12 undefined on input line 2
5.


LaTeX Warning: Reference `main_8c' on page 12 undefined on input line 26.


LaTeX Warning: Reference `misc_8c' on page 12 undefined on input line 27.


LaTeX Warning: Reference `stm32f4xx__dma_8c' on page 12 undefined on input line
 29.


Underfull \hbox (badness 10000) in paragraph at lines 29--29
 []  
 []


LaTeX Warning: Reference `stm32f4xx__gpio_8c' on page 12 undefined on input lin
e 31.


Underfull \hbox (badness 10000) in paragraph at lines 31--31
 []  
 []


LaTeX Warning: Reference `stm32f4xx__rcc_8c' on page 12 undefined on input line
 32.


LaTeX Warning: Reference `stm32f4xx__tim_8c' on page 12 undefined on input line
 33.


Underfull \hbox (badness 1102) in paragraph at lines 33--33
 \T1/phv/m/n/10 This file pro-vides firmware func-tions to man-age the fol-low-
ing func-tion-al-i-ties of the TIM 
 []


LaTeX Warning: Reference `system__stm32f4xx_8c' on page 12 undefined on input l
ine 34.


LaTeX Warning: Reference `_u_a_r_t__communication_8c' on page 12 undefined on i
nput line 35.

) [12]
Chapter 5.
(./group___c_m_s_i_s___m_i_s_r_a___exceptions.tex)
(./group___c_m_s_i_s__core__definitions.tex
LaTeX Font Info:    Font shape `T1/phv/b/n' will be
(Font)              scaled to size 10.79993pt on input line 3.

Overfull \hbox (26.13861pt too wide) in paragraph at lines 17--19
[]\T1/phv/m/n/10 #define [] (([] $\OML/cmm/m/it/10 <$$<$ \T1/phv/m/n/10 16) $\O
MS/cmsy/m/n/10 j$ []\T1/phv/m/n/10 ) 
 []

[13

]
LaTeX Font Info:    Font shape `T1/phv/m/n' will be
(Font)              scaled to size 7.19995pt on input line 45.
LaTeX Font Info:    Trying to load font information for T1+pcr on input line 45
.
 (c:/texlive/2023/texmf-dist/tex/latex/psnfss/t1pcr.fd
File: t1pcr.fd 2001/06/04 font definitions for T1/pcr.
) [14]
Underfull \hbox (badness 10000) in paragraph at lines 92--93

 []

) (./group___c_m_s_i_s__core__register.tex [15] [16]
Underfull \hbox (badness 10000) in paragraph at lines 141--142

 []

[17]
Underfull \hbox (badness 10000) in paragraph at lines 151--152

 []

) (./group___c_m_s_i_s___c_o_r_e.tex
LaTeX Font Info:    Font shape `T1/phv/m/n' will be
(Font)              scaled to size 8.09995pt on input line 12.
LaTeX Font Info:    Font shape `T1/phv/m/it' in size <9> not available
(Font)              Font shape `T1/phv/m/sl' tried instead on input line 12.
LaTeX Font Info:    Font shape `T1/phv/m/sl' will be
(Font)              scaled to size 8.09995pt on input line 12.
LaTeX Font Info:    Font shape `T1/phv/m/it' in size <7> not available
(Font)              Font shape `T1/phv/m/sl' tried instead on input line 16.
LaTeX Font Info:    Font shape `T1/phv/m/sl' will be
(Font)              scaled to size 6.29996pt on input line 16.
) (./group___c_m_s_i_s___n_v_i_c.tex
[18]) (./group___c_m_s_i_s___s_c_b.tex [19] [20] [21] [22] [23] [24] [25]
[26] [27] [28] [29] [30] [31] [32] [33] [34] [35])
(./group___c_m_s_i_s___s_cn_s_c_b.tex [36] [37])
(./group___c_m_s_i_s___sys_tick.tex [38] [39] [40])
(./group___c_m_s_i_s___i_t_m.tex [41] [42] [43] [44])
(./group___c_m_s_i_s___core_debug.tex [45] [46]
pdfTeX warning (ext4): destination with the same identifier (name{group___c_m_s
_i_s__core__register_gab6e30a2b802d9021619dbb0be7f5d63d}) has been already used
, duplicate ignored
<to be read again> 
                   \relax 
l.156 ...ster_gab6e30a2b802d9021619dbb0be7f5d63d}}
                                                  
pdfTeX warning (ext4): destination with the same identifier (name{group___c_m_s
_i_s__core__register_ga680604dbcda9e9b31a1639fcffe5230b}) has been already used
, duplicate ignored
<to be read again> 
                   \relax 
l.163 ...ster_ga680604dbcda9e9b31a1639fcffe5230b}}
                                                   [47] [48] [49] [50] [51]
[52] [53]
pdfTeX warning (ext4): destination with the same identifier (name{group___c_m_s
_i_s__core__register_gabae7cdf882def602cb787bb039ff6a43}) has been already used
, duplicate ignored
<to be read again> 
                   \relax 
l.494 ...ster_gabae7cdf882def602cb787bb039ff6a43}}
                                                  
pdfTeX warning (ext4): destination with the same identifier (name{group___c_m_s
_i_s__core__register_gadd76251e412a195ec0a8f47227a8359e}) has been already used
, duplicate ignored
<to be read again> 
                   \relax 
l.501 ...ster_gadd76251e412a195ec0a8f47227a8359e}}
                                                  
pdfTeX warning (ext4): destination with the same identifier (name{group___c_m_s
_i_s__core__register_gac8e97e8ce56ae9f57da1363a937f8a17}) has been already used
, duplicate ignored
<to be read again> 
                   \relax 
l.508 ...ster_gac8e97e8ce56ae9f57da1363a937f8a17}}
                                                  
pdfTeX warning (ext4): destination with the same identifier (name{group___c_m_s
_i_s__core__register_gaa0288691785a5f868238e0468b39523d}) has been already used
, duplicate ignored
<to be read again> 
                   \relax 
l.515 ...ster_gaa0288691785a5f868238e0468b39523d}}
                                                  
pdfTeX warning (ext4): destination with the same identifier (name{group___c_m_s
_i_s__core__register_gaaaf6477c2bde2f00f99e3c2fd1060b01}) has been already used
, duplicate ignored
<to be read again> 
                   \relax 
l.522 ...ster_gaaaf6477c2bde2f00f99e3c2fd1060b01}}
                                                  
pdfTeX warning (ext4): destination with the same identifier (name{group___c_m_s
_i_s__core__register_gad55a7ddb8d4b2398b0c1cfec76c0d9fd}) has been already used
, duplicate ignored
<to be read again> 
                   \relax 
l.529 ...ster_gad55a7ddb8d4b2398b0c1cfec76c0d9fd}}
                                                   [54]
pdfTeX warning (ext4): destination with the same identifier (name{group___c_m_s
_i_s__core__register_ga9fe0cd2eef83a8adad94490d9ecca63f}) has been already used
, duplicate ignored
<to be read again> 
                   \relax 
l.536 ...ster_ga9fe0cd2eef83a8adad94490d9ecca63f}}
                                                  
pdfTeX warning (ext4): destination with the same identifier (name{group___c_m_s
_i_s__core__register_gacd96c53beeaff8f603fcda425eb295de}) has been already used
, duplicate ignored
<to be read again> 
                   \relax 
l.542 ...ster_gacd96c53beeaff8f603fcda425eb295de}}
                                                  
pdfTeX warning (ext4): destination with the same identifier (name{group___c_m_s
_i_s__core__register_ga58effaac0b93006b756d33209e814646}) has been already used
, duplicate ignored
<to be read again> 
                   \relax 
l.549 ...ster_ga58effaac0b93006b756d33209e814646}}
                                                  
Underfull \hbox (badness 10000) in paragraph at lines 555--556

 []

) (./group___c_m_s_i_s___core___function_interface.tex)
(./group___c_m_s_i_s___core___n_v_i_c_functions.tex [55])
(./group___c_m_s_i_s___core___sys_tick_functions.tex)
(./group___c_m_s_i_s__core___debug_functions.tex [56] [57]

! LaTeX Error: Undefined tab position.

See the LaTeX manual or LaTeX Companion for explanation.
Type  H <return>  for immediate help.
 ...       